18 May 2017 15:36:42,759 INFO  [Log] Driver is opening URL 
18 May 2017 15:36:49,715 INFO  [Log] ________________________________________________________________________________________ 
18 May 2017 15:36:49,715 INFO  [Log] **************************************************************************************** 
18 May 2017 15:36:49,715 INFO  [Log] Test case Name -->  Valid UserName and Invalid Password        
18 May 2017 15:36:49,715 INFO  [Log] **************************************************************************************** 
18 May 2017 15:36:49,715 INFO  [Log]                                                                                          
18 May 2017 15:36:50,342 INFO  [Log] Entering Username :demo 
18 May 2017 15:36:50,464 INFO  [Log] Entering Password: 123.0 
18 May 2017 15:36:50,529 INFO  [Log] Click login Button 
18 May 2017 15:36:51,765 INFO  [Log] Handle Alert Message : Incorrect Username or Password 
18 May 2017 15:36:51,805 INFO  [Log]                                                                                          
18 May 2017 15:36:51,805 INFO  [Log] **************************************************************************************** 
18 May 2017 15:36:51,805 INFO  [Log] End Test Case --->             Valid UserName and Invalid Password            
18 May 2017 15:36:51,805 INFO  [Log] **************************************************************************************** 
18 May 2017 15:36:51,805 INFO  [Log]                                                                                          
18 May 2017 15:36:51,806 INFO  [Log] ________________________________________________________________________________________ 
18 May 2017 15:36:51,809 INFO  [Log] ________________________________________________________________________________________ 
18 May 2017 15:36:51,809 INFO  [Log] **************************************************************************************** 
18 May 2017 15:36:51,809 INFO  [Log] Test case Name -->  Invalid UserName and valid Password        
18 May 2017 15:36:51,810 INFO  [Log] **************************************************************************************** 
18 May 2017 15:36:51,810 INFO  [Log]                                                                                          
18 May 2017 15:36:51,944 INFO  [Log] Entering Username :123.0 
18 May 2017 15:36:52,047 INFO  [Log] Entering Password: demo 
18 May 2017 15:36:52,110 INFO  [Log] Click login Button 
18 May 2017 15:36:53,221 INFO  [Log] Handle Alert Message : Incorrect Username or Password 
18 May 2017 15:36:53,236 INFO  [Log]                                                                                          
18 May 2017 15:36:53,236 INFO  [Log] **************************************************************************************** 
18 May 2017 15:36:53,236 INFO  [Log] End Test Case --->             Invalid UserName and valid Password            
18 May 2017 15:36:53,236 INFO  [Log] **************************************************************************************** 
18 May 2017 15:36:53,236 INFO  [Log]                                                                                          
18 May 2017 15:36:53,236 INFO  [Log] ________________________________________________________________________________________ 
18 May 2017 15:36:53,245 INFO  [Log] ________________________________________________________________________________________ 
18 May 2017 15:36:53,246 INFO  [Log] **************************************************************************************** 
18 May 2017 15:36:53,246 INFO  [Log] Test case Name -->  Valid UserName and Empty Password        
18 May 2017 15:36:53,246 INFO  [Log] **************************************************************************************** 
18 May 2017 15:36:53,246 INFO  [Log]                                                                                          
18 May 2017 15:36:53,382 INFO  [Log] Entering Username :demo 
18 May 2017 15:36:53,490 INFO  [Log] Entering Password:  
18 May 2017 15:36:53,537 INFO  [Log] Click login Button 
18 May 2017 15:36:53,622 INFO  [Log] Handle Alert Message : Please Provide Username and password 
18 May 2017 15:36:53,630 INFO  [Log]                                                                                          
18 May 2017 15:36:53,630 INFO  [Log] **************************************************************************************** 
18 May 2017 15:36:53,630 INFO  [Log] End Test Case --->             Valid UserName and Empty Password            
18 May 2017 15:36:53,630 INFO  [Log] **************************************************************************************** 
18 May 2017 15:36:53,630 INFO  [Log]                                                                                          
18 May 2017 15:36:53,632 INFO  [Log] ________________________________________________________________________________________ 
18 May 2017 15:36:53,634 INFO  [Log] ________________________________________________________________________________________ 
18 May 2017 15:36:53,634 INFO  [Log] **************************************************************************************** 
18 May 2017 15:36:53,634 INFO  [Log] Test case Name -->  Empty UserName and valid Password        
18 May 2017 15:36:53,635 INFO  [Log] **************************************************************************************** 
18 May 2017 15:36:53,635 INFO  [Log]                                                                                          
18 May 2017 15:36:53,752 INFO  [Log] Entering Username : 
18 May 2017 15:36:53,799 INFO  [Log] Entering Password: demo 
18 May 2017 15:36:53,832 INFO  [Log] Click login Button 
18 May 2017 15:36:53,875 INFO  [Log] Handle Alert Message : Please Provide Username and password 
18 May 2017 15:36:53,881 INFO  [Log]                                                                                          
18 May 2017 15:36:53,881 INFO  [Log] **************************************************************************************** 
18 May 2017 15:36:53,881 INFO  [Log] End Test Case --->             Empty UserName and valid Passwor            
18 May 2017 15:36:53,881 INFO  [Log] **************************************************************************************** 
18 May 2017 15:36:53,881 INFO  [Log]                                                                                          
18 May 2017 15:36:53,881 INFO  [Log] ________________________________________________________________________________________ 
18 May 2017 15:36:53,885 INFO  [Log] ________________________________________________________________________________________ 
18 May 2017 15:36:53,885 INFO  [Log] **************************************************************************************** 
18 May 2017 15:36:53,885 INFO  [Log] Test case Name -->  Wrong UserName and Wrong Password        
18 May 2017 15:36:53,885 INFO  [Log] **************************************************************************************** 
18 May 2017 15:36:53,885 INFO  [Log]                                                                                          
18 May 2017 15:36:53,981 INFO  [Log] Entering Username :demo123 
18 May 2017 15:36:54,057 INFO  [Log] Entering Password: demo13 
18 May 2017 15:36:54,095 INFO  [Log] Click login Button 
18 May 2017 15:36:55,324 INFO  [Log] Handle Alert Message : Incorrect Username or Password 
18 May 2017 15:36:55,346 INFO  [Log]                                                                                          
18 May 2017 15:36:55,346 INFO  [Log] **************************************************************************************** 
18 May 2017 15:36:55,346 INFO  [Log] End Test Case --->             Wrong UserName and Wrong Password            
18 May 2017 15:36:55,346 INFO  [Log] **************************************************************************************** 
18 May 2017 15:36:55,346 INFO  [Log]                                                                                          
18 May 2017 15:36:55,346 INFO  [Log] ________________________________________________________________________________________ 
18 May 2017 15:36:55,350 INFO  [Log] ________________________________________________________________________________________ 
18 May 2017 15:36:55,350 INFO  [Log] **************************************************************************************** 
18 May 2017 15:36:55,350 INFO  [Log] Test case Name -->  Empty UserName and Empty Password        
18 May 2017 15:36:55,350 INFO  [Log] **************************************************************************************** 
18 May 2017 15:36:55,350 INFO  [Log]                                                                                          
18 May 2017 15:36:55,520 INFO  [Log] Entering Username : 
18 May 2017 15:36:55,616 INFO  [Log] Entering Password:  
18 May 2017 15:36:55,680 INFO  [Log] Click login Button 
18 May 2017 15:36:55,778 INFO  [Log] Handle Alert Message : Please Provide Username and password 
18 May 2017 15:36:55,784 INFO  [Log]                                                                                          
18 May 2017 15:36:55,784 INFO  [Log] **************************************************************************************** 
18 May 2017 15:36:55,784 INFO  [Log] End Test Case --->             Empty UserName and Empty Password            
18 May 2017 15:36:55,784 INFO  [Log] **************************************************************************************** 
18 May 2017 15:36:55,784 INFO  [Log]                                                                                          
18 May 2017 15:36:55,784 INFO  [Log] ________________________________________________________________________________________ 
18 May 2017 15:36:55,788 INFO  [Log] ________________________________________________________________________________________ 
18 May 2017 15:36:55,788 INFO  [Log] **************************************************************************************** 
18 May 2017 15:36:55,788 INFO  [Log] Test case Name -->  Click on Forgot Link        
18 May 2017 15:36:55,788 INFO  [Log] **************************************************************************************** 
18 May 2017 15:36:55,788 INFO  [Log]                                                                                          
18 May 2017 15:36:55,789 INFO  [Log] Click on forgot link 
18 May 2017 15:36:55,917 INFO  [Log] Forgot Link Clicked 
18 May 2017 15:36:55,920 INFO  [Log] ________________________________________________________________________________________ 
18 May 2017 15:36:55,920 INFO  [Log] **************************************************************************************** 
18 May 2017 15:36:55,921 INFO  [Log] Test case Name -->  Provide UserName but not Mobile Number then click Submit Button        
18 May 2017 15:36:55,921 INFO  [Log] **************************************************************************************** 
18 May 2017 15:36:55,921 INFO  [Log]                                                                                          
18 May 2017 15:36:56,640 INFO  [Log] Entering Username in forgot link Window : 13123.0 
18 May 2017 15:36:56,803 INFO  [Log] Entering Mobile Number in forgot link Window :  
18 May 2017 15:36:56,907 INFO  [Log] Click on forgot submit button 
18 May 2017 15:36:57,002 INFO  [Log] Handle Alert Window and getting messagePlease enter username and mobile number 
18 May 2017 15:36:57,020 INFO  [Log]                                                                                          
18 May 2017 15:36:57,022 INFO  [Log] **************************************************************************************** 
18 May 2017 15:36:57,022 INFO  [Log] End Test Case --->             Provide UserName but not Mobile Number then click Submit Button            
18 May 2017 15:36:57,022 INFO  [Log] **************************************************************************************** 
18 May 2017 15:36:57,022 INFO  [Log]                                                                                          
18 May 2017 15:36:57,022 INFO  [Log] ________________________________________________________________________________________ 
18 May 2017 15:36:57,026 INFO  [Log] ________________________________________________________________________________________ 
18 May 2017 15:36:57,026 INFO  [Log] **************************************************************************************** 
18 May 2017 15:36:57,026 INFO  [Log] Test case Name -->  Provide UserName but not Mobile Number then click Submit Button        
18 May 2017 15:36:57,026 INFO  [Log] **************************************************************************************** 
18 May 2017 15:36:57,026 INFO  [Log]                                                                                          
18 May 2017 15:36:57,219 INFO  [Log] Entering Username in forgot link Window : sunity@gmail.com 
18 May 2017 15:36:57,371 INFO  [Log] Entering Mobile Number in forgot link Window :  
18 May 2017 15:36:57,444 INFO  [Log] Click on forgot submit button 
18 May 2017 15:36:57,525 INFO  [Log] Handle Alert Window and getting messagePlease enter username and mobile number 
18 May 2017 15:36:57,571 INFO  [Log]                                                                                          
18 May 2017 15:36:57,571 INFO  [Log] **************************************************************************************** 
18 May 2017 15:36:57,571 INFO  [Log] End Test Case --->             Provide Email As UserName but not Mobile Number then click Submit Button            
18 May 2017 15:36:57,571 INFO  [Log] **************************************************************************************** 
18 May 2017 15:36:57,573 INFO  [Log]                                                                                          
18 May 2017 15:36:57,573 INFO  [Log] ________________________________________________________________________________________ 
18 May 2017 15:36:57,577 INFO  [Log] ________________________________________________________________________________________ 
18 May 2017 15:36:57,577 INFO  [Log] **************************************************************************************** 
18 May 2017 15:36:57,577 INFO  [Log] Test case Name -->  Provide Numeric As UserName but not Mobile Number then click Submit Button        
18 May 2017 15:36:57,578 INFO  [Log] **************************************************************************************** 
18 May 2017 15:36:57,578 INFO  [Log]                                                                                          
18 May 2017 15:36:57,703 INFO  [Log] Entering Username in forgot link Window : Meena123 
18 May 2017 15:36:57,801 INFO  [Log] Entering Mobile Number in forgot link Window :  
18 May 2017 15:36:57,847 INFO  [Log] Click on forgot submit button 
18 May 2017 15:36:57,893 INFO  [Log] Handle Alert Window and getting messagePlease enter username and mobile number 
18 May 2017 15:36:57,898 INFO  [Log]                                                                                          
18 May 2017 15:36:57,898 INFO  [Log] **************************************************************************************** 
18 May 2017 15:36:57,898 INFO  [Log] End Test Case --->             Provide Numeric As UserName but not Mobile Number then click Submit Button            
18 May 2017 15:36:57,898 INFO  [Log] **************************************************************************************** 
18 May 2017 15:36:57,898 INFO  [Log]                                                                                          
18 May 2017 15:36:57,898 INFO  [Log] ________________________________________________________________________________________ 
18 May 2017 15:36:57,902 INFO  [Log] ________________________________________________________________________________________ 
18 May 2017 15:36:57,902 INFO  [Log] **************************************************************************************** 
18 May 2017 15:36:57,902 INFO  [Log] Test case Name -->  Provide Correct UserName but not Mobile Number then click Submit Button        
18 May 2017 15:36:57,902 INFO  [Log] **************************************************************************************** 
18 May 2017 15:36:57,902 INFO  [Log]                                                                                          
18 May 2017 15:36:58,008 INFO  [Log] Entering Username in forgot link Window : demo 
18 May 2017 15:36:58,080 INFO  [Log] Entering Mobile Number in forgot link Window :  
18 May 2017 15:36:58,126 INFO  [Log] Click on forgot submit button 
18 May 2017 15:36:58,172 INFO  [Log] Handle Alert Window and getting messagePlease enter username and mobile number 
18 May 2017 15:36:58,176 INFO  [Log]                                                                                          
18 May 2017 15:36:58,176 INFO  [Log] **************************************************************************************** 
18 May 2017 15:36:58,176 INFO  [Log] End Test Case --->             Provide Correct UserName but not Mobile Number then click Submit Button            
18 May 2017 15:36:58,176 INFO  [Log] **************************************************************************************** 
18 May 2017 15:36:58,176 INFO  [Log]                                                                                          
18 May 2017 15:36:58,176 INFO  [Log] ________________________________________________________________________________________ 
18 May 2017 15:36:58,179 INFO  [Log] ________________________________________________________________________________________ 
18 May 2017 15:36:58,183 INFO  [Log] **************************************************************************************** 
18 May 2017 15:36:58,184 INFO  [Log] Test case Name -->  Provide Correct UserName with Wrong Mobile Number then click Submit Button        
18 May 2017 15:36:58,184 INFO  [Log] **************************************************************************************** 
18 May 2017 15:36:58,184 INFO  [Log]                                                                                          
18 May 2017 15:36:58,327 INFO  [Log] Entering Username in forgot link Window : demo 
18 May 2017 15:36:58,426 INFO  [Log] Entering Mobile Number in forgot link Window : 7.894651235E9 
18 May 2017 15:36:58,520 INFO  [Log] Click on forgot submit button 
18 May 2017 15:36:59,095 INFO  [Log] Handle Alert Window and getting messageInvalid username or mobile 
18 May 2017 15:36:59,104 INFO  [Log]                                                                                          
18 May 2017 15:36:59,104 INFO  [Log] **************************************************************************************** 
18 May 2017 15:36:59,104 INFO  [Log] End Test Case --->             Provide Correct UserName with Wrong Mobile Number then click Submit Button            
18 May 2017 15:36:59,105 INFO  [Log] **************************************************************************************** 
18 May 2017 15:36:59,105 INFO  [Log]                                                                                          
18 May 2017 15:36:59,105 INFO  [Log] ________________________________________________________________________________________ 
18 May 2017 15:36:59,118 INFO  [Log] ________________________________________________________________________________________ 
18 May 2017 15:36:59,118 INFO  [Log] **************************************************************************************** 
18 May 2017 15:36:59,119 INFO  [Log] Test case Name -->  Provide Empty UserName with Correct Mobile Number then click Submit Button        
18 May 2017 15:36:59,119 INFO  [Log] **************************************************************************************** 
18 May 2017 15:36:59,119 INFO  [Log]                                                                                          
18 May 2017 15:36:59,252 INFO  [Log] Entering Username in forgot link Window :  
18 May 2017 15:36:59,354 INFO  [Log] Entering Mobile Number in forgot link Window : 7.676670809E9 
18 May 2017 15:36:59,445 INFO  [Log] Click on forgot submit button 
18 May 2017 15:36:59,490 INFO  [Log] Handle Alert Window and getting messagePlease enter username and mobile number 
18 May 2017 15:36:59,493 INFO  [Log]                                                                                          
18 May 2017 15:36:59,493 INFO  [Log] **************************************************************************************** 
18 May 2017 15:36:59,493 INFO  [Log] End Test Case --->             Provide Empty UserName with Correct Mobile Number then click Submit Button            
18 May 2017 15:36:59,493 INFO  [Log] **************************************************************************************** 
18 May 2017 15:36:59,493 INFO  [Log]                                                                                          
18 May 2017 15:36:59,493 INFO  [Log] ________________________________________________________________________________________ 
18 May 2017 15:36:59,496 INFO  [Log] ________________________________________________________________________________________ 
18 May 2017 15:36:59,496 INFO  [Log] **************************************************************************************** 
18 May 2017 15:36:59,496 INFO  [Log] Test case Name -->  Provide Wrong UserName with Wrong Mobile Number then click Submit Button        
18 May 2017 15:36:59,496 INFO  [Log] **************************************************************************************** 
18 May 2017 15:36:59,496 INFO  [Log]                                                                                          
18 May 2017 15:36:59,641 INFO  [Log] Entering Username in forgot link Window : demo123421 
18 May 2017 15:36:59,730 INFO  [Log] Entering Mobile Number in forgot link Window : 767667.0 
18 May 2017 15:36:59,811 INFO  [Log] Click on forgot submit button 
18 May 2017 15:37:00,360 INFO  [Log] Handle Alert Window and getting messageInvalid username or mobile 
18 May 2017 15:37:00,373 INFO  [Log]                                                                                          
18 May 2017 15:37:00,373 INFO  [Log] **************************************************************************************** 
18 May 2017 15:37:00,373 INFO  [Log] End Test Case --->             Provide Wrong UserName with Wrong Mobile Number then click Submit Button            
18 May 2017 15:37:00,374 INFO  [Log] **************************************************************************************** 
18 May 2017 15:37:00,374 INFO  [Log]                                                                                          
18 May 2017 15:37:00,374 INFO  [Log] ________________________________________________________________________________________ 
18 May 2017 15:37:00,377 INFO  [Log] ________________________________________________________________________________________ 
18 May 2017 15:37:00,377 INFO  [Log] **************************************************************************************** 
18 May 2017 15:37:00,378 INFO  [Log] Test case Name -->  Provide Empty UserName with Empty Mobile Number then click Submit Button        
18 May 2017 15:37:00,379 INFO  [Log] **************************************************************************************** 
18 May 2017 15:37:00,379 INFO  [Log]                                                                                          
18 May 2017 15:37:00,480 INFO  [Log] Entering Username in forgot link Window :  
18 May 2017 15:37:00,573 INFO  [Log] Entering Mobile Number in forgot link Window :  
18 May 2017 15:37:00,644 INFO  [Log] Click on forgot submit button 
18 May 2017 15:37:00,711 INFO  [Log] Handle Alert Window and getting messagePlease enter username and mobile number 
18 May 2017 15:37:00,718 INFO  [Log]                                                                                          
18 May 2017 15:37:00,718 INFO  [Log] **************************************************************************************** 
18 May 2017 15:37:00,719 INFO  [Log] End Test Case --->             Provide Empty UserName with Empty Mobile Number then click Submit Button            
18 May 2017 15:37:00,719 INFO  [Log] **************************************************************************************** 
18 May 2017 15:37:00,719 INFO  [Log]                                                                                          
18 May 2017 15:37:00,719 INFO  [Log] ________________________________________________________________________________________ 
18 May 2017 15:37:00,721 INFO  [Log] ________________________________________________________________________________________ 
18 May 2017 15:37:00,722 INFO  [Log] **************************************************************************************** 
18 May 2017 15:37:00,722 INFO  [Log] Test case Name -->  Clear Username And Password        
18 May 2017 15:37:00,722 INFO  [Log] **************************************************************************************** 
18 May 2017 15:37:00,722 INFO  [Log]                                                                                          
18 May 2017 15:37:00,809 INFO  [Log] Entering Username in forgot link Window : 1236546 
18 May 2017 15:37:00,947 INFO  [Log] Forgot filed cleard  
18 May 2017 15:37:00,948 INFO  [Log]                                                                                          
18 May 2017 15:37:00,948 INFO  [Log] **************************************************************************************** 
18 May 2017 15:37:00,948 INFO  [Log] End Test Case --->             Clear Username And Password            
18 May 2017 15:37:00,948 INFO  [Log] **************************************************************************************** 
18 May 2017 15:37:00,948 INFO  [Log]                                                                                          
18 May 2017 15:37:00,948 INFO  [Log] ________________________________________________________________________________________ 
18 May 2017 15:37:00,949 INFO  [Log] ________________________________________________________________________________________ 
18 May 2017 15:37:00,949 INFO  [Log] **************************************************************************************** 
18 May 2017 15:37:00,949 INFO  [Log] Test case Name -->  close Forgot Window        
18 May 2017 15:37:00,949 INFO  [Log] **************************************************************************************** 
18 May 2017 15:37:00,949 INFO  [Log]                                                                                          
18 May 2017 15:37:00,958 INFO  [Log] Forgot close clicked  
18 May 2017 15:37:01,069 INFO  [Log]                                                                                          
18 May 2017 15:37:01,069 INFO  [Log] **************************************************************************************** 
18 May 2017 15:37:01,069 INFO  [Log] End Test Case --->             close Forgot Window            
18 May 2017 15:37:01,070 INFO  [Log] **************************************************************************************** 
18 May 2017 15:37:01,070 INFO  [Log]                                                                                          
18 May 2017 15:37:01,070 INFO  [Log] ________________________________________________________________________________________ 
18 May 2017 15:37:01,071 INFO  [Log] ________________________________________________________________________________________ 
18 May 2017 15:37:01,072 INFO  [Log] **************************************************************************************** 
18 May 2017 15:37:01,072 INFO  [Log] Test case Name -->  Valid UserName and Valid Password        
18 May 2017 15:37:01,072 INFO  [Log] **************************************************************************************** 
18 May 2017 15:37:01,072 INFO  [Log]                                                                                          
18 May 2017 15:37:01,170 INFO  [Log] Entering Username :demo 
18 May 2017 15:37:01,314 INFO  [Log] Entering Password: demo 
18 May 2017 15:37:01,436 INFO  [Log] click login button 
18 May 2017 15:37:01,553 INFO  [Log]                                                                                          
18 May 2017 15:37:01,553 INFO  [Log] **************************************************************************************** 
18 May 2017 15:37:01,553 INFO  [Log] End Test Case --->             Valid UserName and Valid Password            
18 May 2017 15:37:01,553 INFO  [Log] **************************************************************************************** 
18 May 2017 15:37:01,553 INFO  [Log]                                                                                          
18 May 2017 15:37:01,553 INFO  [Log] ________________________________________________________________________________________ 
18 May 2017 15:37:01,555 INFO  [Log] ________________________________________________________________________________________ 
18 May 2017 15:37:01,555 INFO  [Log] **************************************************************************************** 
18 May 2017 15:37:01,556 INFO  [Log] Test case Name -->  logout        
18 May 2017 15:37:01,556 INFO  [Log] **************************************************************************************** 
18 May 2017 15:37:01,556 INFO  [Log]                                                                                          
